<?xml version="1.0" encoding="UTF-8"?>
<!-- Generated by org.testng.reporters.JUnitReportReporter -->
<testsuite name="com.stonerisehealthcare.testcases.Contact" tests="4" time="33.359" ignored="0" failures="0" timestamp="20 Apr 2020 04:49:46 GMT" skipped="2" hostname="ajay-PC" errors="0">
  <testcase name="otherserviceslinks" time="1.212" classname="com.stonerisehealthcare.testcases.Contact">
    <skipped/>
  </testcase> <!-- otherserviceslinks -->
  <testcase name="otherserviceslinks" time="12.841" classname="com.stonerisehealthcare.testcases.Contact"/>
  <testcase name="otherserviceslinks" time="19.035" classname="com.stonerisehealthcare.testcases.Contact"/>
  <testcase name="otherserviceslinks" time="0.271" classname="com.stonerisehealthcare.testcases.Contact">
    <skipped/>
  </testcase> <!-- otherserviceslinks -->
</testsuite> <!-- com.stonerisehealthcare.testcases.Contact -->
