<?xml version="1.0" encoding="UTF-8"?>
<!-- Generated by org.testng.reporters.JUnitReportReporter -->
<testsuite name="com.stonerisehealthcare.testcases.AboutUs" tests="4" time="60.489" ignored="0" failures="0" timestamp="26 Apr 2020 01:28:24 GMT" skipped="2" hostname="ajay-PC" errors="0">
  <testcase name="otherserviceslinks" time="39.585" classname="com.stonerisehealthcare.testcases.AboutUs"/>
  <testcase name="otherserviceslinks" time="1.754" classname="com.stonerisehealthcare.testcases.AboutUs">
    <skipped/>
  </testcase> <!-- otherserviceslinks -->
  <testcase name="otherserviceslinks" time="19.080" classname="com.stonerisehealthcare.testcases.AboutUs"/>
  <testcase name="otherserviceslinks" time="0.070" classname="com.stonerisehealthcare.testcases.AboutUs">
    <skipped/>
  </testcase> <!-- otherserviceslinks -->
</testsuite> <!-- com.stonerisehealthcare.testcases.AboutUs -->
