<?xml version="1.0" encoding="UTF-8"?>
<!-- Generated by org.testng.reporters.JUnitReportReporter -->
<testsuite name="com.stonerisehealthcare.testcases.CoronaUpdateAndTelevisitLinkTest" tests="4" time="62.905" ignored="0" failures="0" timestamp="27 Apr 2020 02:24:02 GMT" skipped="2" hostname="ajay-PC" errors="0">
  <testcase name="coronatelevisitlink" time="1.347" classname="com.stonerisehealthcare.testcases.CoronaUpdateAndTelevisitLinkTest">
    <skipped/>
  </testcase> <!-- coronatelevisitlink -->
  <testcase name="coronatelevisitlink" time="0.064" classname="com.stonerisehealthcare.testcases.CoronaUpdateAndTelevisitLinkTest">
    <skipped/>
  </testcase> <!-- coronatelevisitlink -->
  <testcase name="coronatelevisitlink" time="33.005" classname="com.stonerisehealthcare.testcases.CoronaUpdateAndTelevisitLinkTest"/>
  <testcase name="coronatelevisitlink" time="28.489" classname="com.stonerisehealthcare.testcases.CoronaUpdateAndTelevisitLinkTest"/>
</testsuite> <!-- com.stonerisehealthcare.testcases.CoronaUpdateAndTelevisitLinkTest -->
