<?xml version="1.0" encoding="UTF-8"?>
<!-- Generated by org.testng.reporters.JUnitReportReporter -->
<testsuite name="com.stonerisehealthcare.testcases.AboutUs" tests="4" time="36.058" ignored="0" failures="0" timestamp="21 Apr 2020 02:17:44 GMT" skipped="2" hostname="ajay-PC" errors="0">
  <testcase name="otherserviceslinks" time="1.249" classname="com.stonerisehealthcare.testcases.AboutUs">
    <skipped/>
  </testcase> <!-- otherserviceslinks -->
  <testcase name="otherserviceslinks" time="15.858" classname="com.stonerisehealthcare.testcases.AboutUs"/>
  <testcase name="otherserviceslinks" time="18.706" classname="com.stonerisehealthcare.testcases.AboutUs"/>
  <testcase name="otherserviceslinks" time="0.245" classname="com.stonerisehealthcare.testcases.AboutUs">
    <skipped/>
  </testcase> <!-- otherserviceslinks -->
</testsuite> <!-- com.stonerisehealthcare.testcases.AboutUs -->
