<?xml version="1.0" encoding="UTF-8"?>
<!-- Generated by org.testng.reporters.JUnitReportReporter -->
<testsuite name="com.stonerisehealthcare.testcases.OtherServicesLinksTest" tests="4" time="73.664" ignored="0" failures="0" timestamp="21 Apr 2020 02:27:56 GMT" skipped="2" hostname="ajay-PC" errors="0">
  <testcase name="otherserviceslinks" time="1.217" classname="com.stonerisehealthcare.testcases.OtherServicesLinksTest">
    <skipped/>
  </testcase> <!-- otherserviceslinks -->
  <testcase name="otherserviceslinks" time="2.620" classname="com.stonerisehealthcare.testcases.OtherServicesLinksTest">
    <skipped/>
  </testcase> <!-- otherserviceslinks -->
  <testcase name="otherserviceslinks" time="30.867" classname="com.stonerisehealthcare.testcases.OtherServicesLinksTest"/>
  <testcase name="otherserviceslinks" time="38.960" classname="com.stonerisehealthcare.testcases.OtherServicesLinksTest"/>
</testsuite> <!-- com.stonerisehealthcare.testcases.OtherServicesLinksTest -->
