<?xml version="1.0" encoding="UTF-8"?>
<!-- Generated by org.testng.reporters.JUnitReportReporter -->
<testsuite name="com.stonerisehealthcare.testcases.Contact" tests="4" time="28.374" ignored="0" failures="0" timestamp="27 Apr 2020 02:19:42 GMT" skipped="2" hostname="ajay-PC" errors="0">
  <testcase name="otherserviceslinks" time="13.240" classname="com.stonerisehealthcare.testcases.Contact"/>
  <testcase name="otherserviceslinks" time="13.694" classname="com.stonerisehealthcare.testcases.Contact"/>
  <testcase name="otherserviceslinks" time="1.360" classname="com.stonerisehealthcare.testcases.Contact">
    <skipped/>
  </testcase> <!-- otherserviceslinks -->
  <testcase name="otherserviceslinks" time="0.080" classname="com.stonerisehealthcare.testcases.Contact">
    <skipped/>
  </testcase> <!-- otherserviceslinks -->
</testsuite> <!-- com.stonerisehealthcare.testcases.Contact -->
