<?xml version="1.0" encoding="UTF-8"?>
<!-- Generated by org.testng.reporters.JUnitReportReporter -->
<testsuite name="com.stonerisehealthcare.testcases.ContactAndConnectLinksTest" tests="4" time="88.593" ignored="0" failures="0" timestamp="21 Apr 2020 22:33:39 GMT" skipped="2" hostname="ajay-PC" errors="0">
  <testcase name="otherserviceslinks" time="46.633" classname="com.stonerisehealthcare.testcases.ContactAndConnectLinksTest"/>
  <testcase name="otherserviceslinks" time="41.373" classname="com.stonerisehealthcare.testcases.ContactAndConnectLinksTest"/>
  <testcase name="otherserviceslinks" time="0.139" classname="com.stonerisehealthcare.testcases.ContactAndConnectLinksTest">
    <skipped/>
  </testcase> <!-- otherserviceslinks -->
  <testcase name="otherserviceslinks" time="0.448" classname="com.stonerisehealthcare.testcases.ContactAndConnectLinksTest">
    <skipped/>
  </testcase> <!-- otherserviceslinks -->
</testsuite> <!-- com.stonerisehealthcare.testcases.ContactAndConnectLinksTest -->
