<?xml version="1.0" encoding="UTF-8"?>
<!-- Generated by org.testng.reporters.JUnitReportReporter -->
<testsuite name="com.stonerisehealthcare.testcases.CoronaUpdateAndTelevisitLinkTest" tests="4" time="58.422" ignored="0" failures="0" timestamp="21 Apr 2020 02:25:15 GMT" skipped="2" hostname="ajay-PC" errors="0">
  <testcase name="coronatelevisitlink" time="27.542" classname="com.stonerisehealthcare.testcases.CoronaUpdateAndTelevisitLinkTest"/>
  <testcase name="coronatelevisitlink" time="0.084" classname="com.stonerisehealthcare.testcases.CoronaUpdateAndTelevisitLinkTest">
    <skipped/>
  </testcase> <!-- coronatelevisitlink -->
  <testcase name="coronatelevisitlink" time="1.774" classname="com.stonerisehealthcare.testcases.CoronaUpdateAndTelevisitLinkTest">
    <skipped/>
  </testcase> <!-- coronatelevisitlink -->
  <testcase name="coronatelevisitlink" time="29.022" classname="com.stonerisehealthcare.testcases.CoronaUpdateAndTelevisitLinkTest"/>
</testsuite> <!-- com.stonerisehealthcare.testcases.CoronaUpdateAndTelevisitLinkTest -->
