<?xml version="1.0" encoding="UTF-8"?>
<!-- Generated by org.testng.reporters.JUnitReportReporter -->
<testsuite name="com.stonerisehealthcare.testcases.AboutUs" tests="4" time="29.705" ignored="0" failures="0" timestamp="27 Apr 2020 02:12:57 GMT" skipped="2" hostname="ajay-PC" errors="0">
  <testcase name="otherserviceslinks" time="14.694" classname="com.stonerisehealthcare.testcases.AboutUs"/>
  <testcase name="otherserviceslinks" time="13.537" classname="com.stonerisehealthcare.testcases.AboutUs"/>
  <testcase name="otherserviceslinks" time="1.388" classname="com.stonerisehealthcare.testcases.AboutUs">
    <skipped/>
  </testcase> <!-- otherserviceslinks -->
  <testcase name="otherserviceslinks" time="0.086" classname="com.stonerisehealthcare.testcases.AboutUs">
    <skipped/>
  </testcase> <!-- otherserviceslinks -->
</testsuite> <!-- com.stonerisehealthcare.testcases.AboutUs -->
