<?xml version="1.0" encoding="UTF-8"?>
<!-- Generated by org.testng.reporters.JUnitReportReporter -->
<testsuite name="com.stonerisehealthcare.testcases.ContactAndConnectLinksTest" tests="4" time="81.066" ignored="0" failures="0" timestamp="27 Apr 2020 02:22:03 GMT" skipped="2" hostname="ajay-PC" errors="0">
  <testcase name="otherserviceslinks" time="0.234" classname="com.stonerisehealthcare.testcases.ContactAndConnectLinksTest">
    <skipped/>
  </testcase> <!-- otherserviceslinks -->
  <testcase name="otherserviceslinks" time="48.700" classname="com.stonerisehealthcare.testcases.ContactAndConnectLinksTest"/>
  <testcase name="otherserviceslinks" time="0.090" classname="com.stonerisehealthcare.testcases.ContactAndConnectLinksTest">
    <skipped/>
  </testcase> <!-- otherserviceslinks -->
  <testcase name="otherserviceslinks" time="32.042" classname="com.stonerisehealthcare.testcases.ContactAndConnectLinksTest"/>
</testsuite> <!-- com.stonerisehealthcare.testcases.ContactAndConnectLinksTest -->
