<?xml version="1.0" encoding="UTF-8"?>
<!-- Generated by org.testng.reporters.JUnitReportReporter -->
<testsuite name="com.stonerisehealthcare.testcases.NationalGuardGetStarted" tests="3" time="55.096" ignored="0" failures="0" timestamp="18 Apr 2020 05:47:26 GMT" skipped="1" hostname="ajay-PC" errors="0">
  <testcase name="getStartedForm" time="28.070" classname="com.stonerisehealthcare.testcases.NationalGuardGetStarted"/>
  <testcase name="getStartedForm" time="0.063" classname="com.stonerisehealthcare.testcases.NationalGuardGetStarted">
    <skipped/>
  </testcase> <!-- getStartedForm -->
  <testcase name="getStartedForm" time="26.963" classname="com.stonerisehealthcare.testcases.NationalGuardGetStarted"/>
</testsuite> <!-- com.stonerisehealthcare.testcases.NationalGuardGetStarted -->
