<?xml version="1.0" encoding="UTF-8"?>
<!-- Generated by org.testng.reporters.JUnitReportReporter -->
<testsuite name="com.stonerisehealthcare.testcases.SkilledNursingCentersLinksTest" tests="4" time="80.217" ignored="0" failures="0" timestamp="20 Apr 2020 01:31:31 GMT" skipped="2" hostname="ajay-PC" errors="0">
  <testcase name="nursingcentreslinks" time="40.703" classname="com.stonerisehealthcare.testcases.SkilledNursingCentersLinksTest"/>
  <testcase name="nursingcentreslinks" time="36.693" classname="com.stonerisehealthcare.testcases.SkilledNursingCentersLinksTest"/>
  <testcase name="nursingcentreslinks" time="1.388" classname="com.stonerisehealthcare.testcases.SkilledNursingCentersLinksTest">
    <skipped/>
  </testcase> <!-- nursingcentreslinks -->
  <testcase name="nursingcentreslinks" time="1.433" classname="com.stonerisehealthcare.testcases.SkilledNursingCentersLinksTest">
    <skipped/>
  </testcase> <!-- nursingcentreslinks -->
</testsuite> <!-- com.stonerisehealthcare.testcases.SkilledNursingCentersLinksTest -->
