<?xml version="1.0" encoding="UTF-8"?>
<!-- Generated by org.testng.reporters.JUnitReportReporter -->
<testsuite name="com.stonerisehealthcare.testcases.Resources" tests="4" time="227.383" ignored="0" failures="0" timestamp="20 Apr 2020 06:52:20 GMT" skipped="2" hostname="ajay-PC" errors="0">
  <testcase name="otherserviceslinks" time="38.868" classname="com.stonerisehealthcare.testcases.Resources"/>
  <testcase name="otherserviceslinks" time="0.079" classname="com.stonerisehealthcare.testcases.Resources">
    <skipped/>
  </testcase> <!-- otherserviceslinks -->
  <testcase name="otherserviceslinks" time="188.151" classname="com.stonerisehealthcare.testcases.Resources"/>
  <testcase name="otherserviceslinks" time="0.285" classname="com.stonerisehealthcare.testcases.Resources">
    <skipped/>
  </testcase> <!-- otherserviceslinks -->
</testsuite> <!-- com.stonerisehealthcare.testcases.Resources -->
