<?xml version="1.0" encoding="UTF-8"?>
<!-- Generated by org.testng.reporters.JUnitReportReporter -->
<testsuite name="com.stonerisehealthcare.testcases.Careers" tests="2" time="46.572" ignored="0" failures="0" timestamp="20 Apr 2020 00:33:10 GMT" skipped="0" hostname="ajay-PC" errors="0">
  <testcase name="careerslink" time="25.076" classname="com.stonerisehealthcare.testcases.Careers"/>
  <testcase name="careerslink" time="21.496" classname="com.stonerisehealthcare.testcases.Careers"/>
</testsuite> <!-- com.stonerisehealthcare.testcases.Careers -->
