<?xml version="1.0" encoding="UTF-8"?>
<!-- Generated by org.testng.reporters.JUnitReportReporter -->
<testsuite name="com.stonerisehealthcare.testcases.Contact" tests="4" time="30.637" ignored="0" failures="0" timestamp="22 Apr 2020 00:13:46 GMT" skipped="2" hostname="ajay-PC" errors="0">
  <testcase name="otherserviceslinks" time="17.642" classname="com.stonerisehealthcare.testcases.Contact"/>
  <testcase name="otherserviceslinks" time="12.150" classname="com.stonerisehealthcare.testcases.Contact"/>
  <testcase name="otherserviceslinks" time="0.053" classname="com.stonerisehealthcare.testcases.Contact">
    <skipped/>
  </testcase> <!-- otherserviceslinks -->
  <testcase name="otherserviceslinks" time="0.792" classname="com.stonerisehealthcare.testcases.Contact">
    <skipped/>
  </testcase> <!-- otherserviceslinks -->
</testsuite> <!-- com.stonerisehealthcare.testcases.Contact -->
