<?xml version="1.0" encoding="UTF-8"?>
<!-- Generated by org.testng.reporters.JUnitReportReporter -->
<testsuite name="com.stonerisehealthcare.testcases.Resources" tests="4" time="262.393" ignored="0" failures="0" timestamp="22 Apr 2020 00:13:46 GMT" skipped="2" hostname="ajay-PC" errors="0">
  <testcase name="otherserviceslinks" time="73.835" classname="com.stonerisehealthcare.testcases.Resources"/>
  <testcase name="otherserviceslinks" time="0.056" classname="com.stonerisehealthcare.testcases.Resources">
    <skipped/>
  </testcase> <!-- otherserviceslinks -->
  <testcase name="otherserviceslinks" time="2.547" classname="com.stonerisehealthcare.testcases.Resources">
    <skipped/>
  </testcase> <!-- otherserviceslinks -->
  <testcase name="otherserviceslinks" time="185.955" classname="com.stonerisehealthcare.testcases.Resources"/>
</testsuite> <!-- com.stonerisehealthcare.testcases.Resources -->
