<?xml version="1.0" encoding="UTF-8"?>
<!-- Generated by org.testng.reporters.JUnitReportReporter -->
<testsuite name="com.stonerisehealthcare.testcases.AboutUs" tests="4" time="30.500" ignored="0" failures="0" timestamp="22 Apr 2020 00:13:46 GMT" skipped="2" hostname="ajay-PC" errors="0">
  <testcase name="otherserviceslinks" time="0.990" classname="com.stonerisehealthcare.testcases.AboutUs">
    <skipped/>
  </testcase> <!-- otherserviceslinks -->
  <testcase name="otherserviceslinks" time="13.829" classname="com.stonerisehealthcare.testcases.AboutUs"/>
  <testcase name="otherserviceslinks" time="0.059" classname="com.stonerisehealthcare.testcases.AboutUs">
    <skipped/>
  </testcase> <!-- otherserviceslinks -->
  <testcase name="otherserviceslinks" time="15.622" classname="com.stonerisehealthcare.testcases.AboutUs"/>
</testsuite> <!-- com.stonerisehealthcare.testcases.AboutUs -->
