<?xml version="1.0" encoding="UTF-8"?>
<!-- Generated by org.testng.reporters.JUnitReportReporter -->
<testsuite name="com.stonerisehealthcare.testcases.SkilledNursingCentersLinksTest" tests="4" time="338.783" ignored="0" failures="0" timestamp="22 Apr 2020 00:13:46 GMT" skipped="2" hostname="ajay-PC" errors="0">
  <testcase name="nursingcentreslinks" time="0.058" classname="com.stonerisehealthcare.testcases.SkilledNursingCentersLinksTest">
    <skipped/>
  </testcase> <!-- nursingcentreslinks -->
  <testcase name="nursingcentreslinks" time="176.711" classname="com.stonerisehealthcare.testcases.SkilledNursingCentersLinksTest"/>
  <testcase name="nursingcentreslinks" time="1.636" classname="com.stonerisehealthcare.testcases.SkilledNursingCentersLinksTest">
    <skipped/>
  </testcase> <!-- nursingcentreslinks -->
  <testcase name="nursingcentreslinks" time="160.378" classname="com.stonerisehealthcare.testcases.SkilledNursingCentersLinksTest"/>
</testsuite> <!-- com.stonerisehealthcare.testcases.SkilledNursingCentersLinksTest -->
