<?xml version="1.0" encoding="UTF-8"?>
<!-- Generated by org.testng.reporters.JUnitReportReporter -->
<testsuite name="com.stonerisehealthcare.testcases.CoronaUpdateAndTelevisitLinkTest" tests="4" time="71.410" ignored="0" failures="0" timestamp="22 Apr 2020 00:13:46 GMT" skipped="2" hostname="ajay-PC" errors="0">
  <testcase name="coronatelevisitlink" time="1.748" classname="com.stonerisehealthcare.testcases.CoronaUpdateAndTelevisitLinkTest">
    <skipped/>
  </testcase> <!-- coronatelevisitlink -->
  <testcase name="coronatelevisitlink" time="0.069" classname="com.stonerisehealthcare.testcases.CoronaUpdateAndTelevisitLinkTest">
    <skipped/>
  </testcase> <!-- coronatelevisitlink -->
  <testcase name="coronatelevisitlink" time="35.434" classname="com.stonerisehealthcare.testcases.CoronaUpdateAndTelevisitLinkTest"/>
  <testcase name="coronatelevisitlink" time="34.159" classname="com.stonerisehealthcare.testcases.CoronaUpdateAndTelevisitLinkTest"/>
</testsuite> <!-- com.stonerisehealthcare.testcases.CoronaUpdateAndTelevisitLinkTest -->
