<?xml version="1.0" encoding="UTF-8"?>
<!-- Generated by org.testng.reporters.JUnitReportReporter -->
<testsuite name="com.stonerisehealthcare.testcases.OtherServicesLinksTest" tests="4" time="57.150" ignored="0" failures="0" timestamp="22 Apr 2020 00:13:46 GMT" skipped="2" hostname="ajay-PC" errors="0">
  <testcase name="otherserviceslinks" time="24.714" classname="com.stonerisehealthcare.testcases.OtherServicesLinksTest"/>
  <testcase name="otherserviceslinks" time="0.074" classname="com.stonerisehealthcare.testcases.OtherServicesLinksTest">
    <skipped/>
  </testcase> <!-- otherserviceslinks -->
  <testcase name="otherserviceslinks" time="1.302" classname="com.stonerisehealthcare.testcases.OtherServicesLinksTest">
    <skipped/>
  </testcase> <!-- otherserviceslinks -->
  <testcase name="otherserviceslinks" time="31.060" classname="com.stonerisehealthcare.testcases.OtherServicesLinksTest"/>
</testsuite> <!-- com.stonerisehealthcare.testcases.OtherServicesLinksTest -->
