<?xml version="1.0" encoding="UTF-8"?>
<!-- Generated by org.testng.reporters.JUnitReportReporter -->
<testsuite name="com.stonerisehealthcare.testcases.Careers" tests="4" time="45.947" ignored="0" failures="0" timestamp="22 Apr 2020 00:13:46 GMT" skipped="2" hostname="ajay-PC" errors="0">
  <testcase name="careerslink" time="1.275" classname="com.stonerisehealthcare.testcases.Careers">
    <skipped/>
  </testcase> <!-- careerslink -->
  <testcase name="careerslink" time="23.786" classname="com.stonerisehealthcare.testcases.Careers"/>
  <testcase name="careerslink" time="0.080" classname="com.stonerisehealthcare.testcases.Careers">
    <skipped/>
  </testcase> <!-- careerslink -->
  <testcase name="careerslink" time="20.806" classname="com.stonerisehealthcare.testcases.Careers"/>
</testsuite> <!-- com.stonerisehealthcare.testcases.Careers -->
